<?xml version="1.0" encoding="UTF-8"?>
<!-- Generated by org.testng.reporters.JUnitXMLReporter -->
<testsuite ignored="2" hostname="DESKTOP-L3U3DAD" failures="0" tests="1" name="Default test" time="34.451" errors="0" timestamp="2025-04-21T20:40:31 GMT+03:00">
  <testcase classname="codenboxautomationlab1.codenboxautomationlab1.AppTest" name="Static_Dropdown" time="0.242"/>
  <testcase classname="codenboxautomationlab1.codenboxautomationlab1.AppTest" name="RadioButton" time="0.0">
    <ignored/>
  </testcase> <!-- RadioButton -->
  <testcase classname="codenboxautomationlab1.codenboxautomationlab1.AppTest" name="Dynamic_Dropdown" time="0.0">
    <ignored/>
  </testcase> <!-- Dynamic_Dropdown -->
</testsuite> <!-- Default test -->
