<?xml version="1.0" encoding="UTF-8"?>
<!-- Generated by org.testng.reporters.JUnitXMLReporter -->
<testsuite ignored="8" hostname="DESKTOP-L3U3DAD" failures="0" tests="1" name="Default test" time="12.945" errors="0" timestamp="2025-04-25T23:02:25 GMT+03:00">
  <testcase classname="codenboxautomationlab1.codenboxautomationlab1.AppTest" name="HideAndShow" time="2.41"/>
  <testcase classname="codenboxautomationlab1.codenboxautomationlab1.AppTest" name="RadioButton" time="0.0">
    <ignored/>
  </testcase> <!-- RadioButton -->
  <testcase classname="codenboxautomationlab1.codenboxautomationlab1.AppTest" name="SwitchWindow" time="0.0">
    <ignored/>
  </testcase> <!-- SwitchWindow -->
  <testcase classname="codenboxautomationlab1.codenboxautomationlab1.AppTest" name="Static_Dropdown" time="0.0">
    <ignored/>
  </testcase> <!-- Static_Dropdown -->
  <testcase classname="codenboxautomationlab1.codenboxautomationlab1.AppTest" name="AlertTest" time="0.0">
    <ignored/>
  </testcase> <!-- AlertTest -->
  <testcase classname="codenboxautomationlab1.codenboxautomationlab1.AppTest" name="CheckBoxTag" time="0.0">
    <ignored/>
  </testcase> <!-- CheckBoxTag -->
  <testcase classname="codenboxautomationlab1.codenboxautomationlab1.AppTest" name="Dynamic_Dropdown" time="0.0">
    <ignored/>
  </testcase> <!-- Dynamic_Dropdown -->
  <testcase classname="codenboxautomationlab1.codenboxautomationlab1.AppTest" name="SwitchTab" time="0.0">
    <ignored/>
  </testcase> <!-- SwitchTab -->
  <testcase classname="codenboxautomationlab1.codenboxautomationlab1.AppTest" name="TableTest" time="0.0">
    <ignored/>
  </testcase> <!-- TableTest -->
</testsuite> <!-- Default test -->
