<?xml version="1.0" encoding="UTF-8"?>
<testng-results ignored="8" total="9" passed="1" failed="0" skipped="0">
  <reporter-output>
  </reporter-output>
  <suite started-at="2025-04-25T23:02:12 GMT+03:00" name="Default suite" finished-at="2025-04-25T23:02:25 GMT+03:00" duration-ms="12945">
    <groups>
    </groups>
    <test started-at="2025-04-25T23:02:12 GMT+03:00" name="Default test" finished-at="2025-04-25T23:02:25 GMT+03:00" duration-ms="12945">
      <class name="codenboxautomationlab1.codenboxautomationlab1.AppTest">
        <test-method is-config="true" signature="mySetup()[pri:0, instance:codenboxautomationlab1.codenboxautomationlab1.AppTest@681a8b4e]" started-at="2025-04-25T23:02:12 GMT+03:00" name="mySetup" finished-at="2025-04-25T23:02:23 GMT+03:00" duration-ms="10434" status="PASS">
          <reporter-output>
          </reporter-output>
        </test-method> <!-- mySetup -->
        <test-method signature="HideAndShow()[pri:8, instance:codenboxautomationlab1.codenboxautomationlab1.AppTest@681a8b4e]" started-at="2025-04-25T23:02:23 GMT+03:00" name="HideAndShow" finished-at="2025-04-25T23:02:25 GMT+03:00" duration-ms="2410" status="PASS">
          <reporter-output>
          </reporter-output>
        </test-method> <!-- HideAndShow -->
      </class> <!-- codenboxautomationlab1.codenboxautomationlab1.AppTest -->
    </test> <!-- Default test -->
  </suite> <!-- Default suite -->
</testng-results>
